[  0%] Built target roscpp_generate_messages_nodejs
[  0%] Built target rosgraph_msgs_generate_messages_eus
[  0%] Built target rosgraph_msgs_generate_messages_cpp
[  0%] Built target std_msgs_generate_messages_eus
[  0%] Built target std_msgs_generate_messages_nodejs
[  0%] Built target bond_generate_messages_py
[  0%] Built target rosgraph_msgs_generate_messages_lisp
[  0%] Built target roscpp_generate_messages_py
[  0%] Built target std_msgs_generate_messages_lisp
[  0%] Built target bond_generate_messages_lisp
[  0%] Built target nodelet_generate_messages_lisp
[  0%] Built target roscpp_generate_messages_eus
[  0%] Built target nodelet_generate_messages_eus
[  0%] Built target rosgraph_msgs_generate_messages_py
[  0%] Built target rosgraph_msgs_generate_messages_nodejs
[  0%] Built target std_msgs_generate_messages_cpp
[  0%] Built target roscpp_generate_messages_lisp
[  0%] Built target roscpp_generate_messages_cpp
[  0%] Built target std_msgs_generate_messages_py
[  0%] Built target nodelet_generate_messages_cpp
[  0%] Built target nodelet_generate_messages_nodejs
[  0%] Built target bond_generate_messages_nodejs
[  0%] Built target nodelet_generate_messages_py
[  0%] Built target bond_generate_messages_cpp
[  0%] Built target bond_generate_messages_eus
[ 50%] [32m[1mLinking CXX executable /home/hcp/Workspace/ros_ws/devel/.private/zed_wrapper/lib/zed_wrapper/zed_wrapper_node[0m
[100%] Built target zed_wrapper_node
